0 info it worked if it ends with ok
1 verbose cli [ '/usr/local/bin/node', '/usr/local/bin/npm', 'start' ]
2 info using npm@3.9.5
3 info using node@v6.2.2
4 verbose run-script [ 'prestart', 'start', 'poststart' ]
5 info lifecycle vkmusicproj@1.0.0~prestart: vkmusicproj@1.0.0
6 silly lifecycle vkmusicproj@1.0.0~prestart: no script for prestart, continuing
7 info lifecycle vkmusicproj@1.0.0~start: vkmusicproj@1.0.0
8 verbose lifecycle vkmusicproj@1.0.0~start: unsafe-perm in lifecycle true
9 verbose lifecycle vkmusicproj@1.0.0~start: PATH: /usr/local/lib/node_modules/npm/bin/node-gyp-bin:/home/kioshimafx/Desktop/VKMusicProj/node_modules/.bin:/usr/local/bin:/usr/local/sbin:/usr/local/bin:/usr/sbin:/usr/bin:/sbin:/bin:/usr/games:/usr/local/games
10 verbose lifecycle vkmusicproj@1.0.0~start: CWD: /home/kioshimafx/Desktop/VKMusicProj
11 silly lifecycle vkmusicproj@1.0.0~start: Args: [ '-c', 'webpack-dev-server' ]
12 silly lifecycle vkmusicproj@1.0.0~start: Returned: code: 143  signal: null
13 info lifecycle vkmusicproj@1.0.0~start: Failed to exec start script
14 verbose stack Error: vkmusicproj@1.0.0 start: `webpack-dev-server`
14 verbose stack Exit status 143
14 verbose stack     at EventEmitter.<anonymous> (/usr/local/lib/node_modules/npm/lib/utils/lifecycle.js:245:16)
14 verbose stack     at emitTwo (events.js:106:13)
14 verbose stack     at EventEmitter.emit (events.js:191:7)
14 verbose stack     at ChildProcess.<anonymous> (/usr/local/lib/node_modules/npm/lib/utils/spawn.js:24:14)
14 verbose stack     at emitTwo (events.js:106:13)
14 verbose stack     at ChildProcess.emit (events.js:191:7)
14 verbose stack     at maybeClose (internal/child_process.js:852:16)
14 verbose stack     at Process.ChildProcess._handle.onexit (internal/child_process.js:215:5)
15 verbose pkgid vkmusicproj@1.0.0
16 verbose cwd /home/kioshimafx/Desktop/VKMusicProj
17 error Linux 4.2.0-36-generic
18 error argv "/usr/local/bin/node" "/usr/local/bin/npm" "start"
19 error node v6.2.2
20 error npm  v3.9.5
21 error code ELIFECYCLE
22 error vkmusicproj@1.0.0 start: `webpack-dev-server`
22 error Exit status 143
23 error Failed at the vkmusicproj@1.0.0 start script 'webpack-dev-server'.
23 error Make sure you have the latest version of node.js and npm installed.
23 error If you do, this is most likely a problem with the vkmusicproj package,
23 error not with npm itself.
23 error Tell the author that this fails on your system:
23 error     webpack-dev-server
23 error You can get information on how to open an issue for this project with:
23 error     npm bugs vkmusicproj
23 error Or if that isn't available, you can get their info via:
23 error     npm owner ls vkmusicproj
23 error There is likely additional logging output above.
24 verbose exit [ 1, true ]
